2003.10.14 12:53 B D:\site_antiquitas\cours\thema\trans\reli_notions\Activites\activite3\text\exemple.txt <-- nte /antiquitasweb/proto/flash/Oedip09102003/text exemple.txt
2003.10.14 12:53 B D:\site_antiquitas\cours\thema\trans\reli_notions\Activites\activite3\text\t1.txt <-- nte /antiquitasweb/proto/flash/Oedip09102003/text t1.txt
2003.10.14 12:53 B D:\site_antiquitas\cours\thema\trans\reli_notions\Activites\activite3\text\t2.txt <-- nte /antiquitasweb/proto/flash/Oedip09102003/text t2.txt
2003.10.14 12:53 B D:\site_antiquitas\cours\thema\trans\reli_notions\Activites\activite3\text\t3.txt <-- nte /antiquitasweb/proto/flash/Oedip09102003/text t3.txt
2003.10.14 12:53 B D:\site_antiquitas\cours\thema\trans\reli_notions\Activites\activite3\text\t4.txt <-- nte /antiquitasweb/proto/flash/Oedip09102003/text t4.txt
2003.10.14 12:53 B D:\site_antiquitas\cours\thema\trans\reli_notions\Activites\activite3\text\t5.txt <-- nte /antiquitasweb/proto/flash/Oedip09102003/text t5.txt
2003.10.14 12:53 B D:\site_antiquitas\cours\thema\trans\reli_notions\Activites\activite3\text\t6.txt <-- nte /antiquitasweb/proto/flash/Oedip09102003/text t6.txt
2003.10.14 12:57 B D:\elearning.unifr.ch\modules\trans\reli_notions\activites\activite3\text\exemple.txt --> www.unifr.ch /elrng_antiquitas/modules/trans/reli_notions/activites/activite3/text exemple.txt
2003.10.14 12:57 B D:\elearning.unifr.ch\modules\trans\reli_notions\activites\activite3\text\t1.txt --> www.unifr.ch /elrng_antiquitas/modules/trans/reli_notions/activites/activite3/text t1.txt
2003.10.14 12:57 B D:\elearning.unifr.ch\modules\trans\reli_notions\activites\activite3\text\t2.txt --> www.unifr.ch /elrng_antiquitas/modules/trans/reli_notions/activites/activite3/text t2.txt
2003.10.14 12:57 B D:\elearning.unifr.ch\modules\trans\reli_notions\activites\activite3\text\t3.txt --> www.unifr.ch /elrng_antiquitas/modules/trans/reli_notions/activites/activite3/text t3.txt
2003.10.14 12:57 B D:\elearning.unifr.ch\modules\trans\reli_notions\activites\activite3\text\t4.txt --> www.unifr.ch /elrng_antiquitas/modules/trans/reli_notions/activites/activite3/text t4.txt
2003.10.14 12:57 B D:\elearning.unifr.ch\modules\trans\reli_notions\activites\activite3\text\t5.txt --> www.unifr.ch /elrng_antiquitas/modules/trans/reli_notions/activites/activite3/text t5.txt
2003.10.14 12:57 B D:\elearning.unifr.ch\modules\trans\reli_notions\activites\activite3\text\t6.txt --> www.unifr.ch /elrng_antiquitas/modules/trans/reli_notions/activites/activite3/text t6.txt
2003.10.14 12:57 B D:\elearning.unifr.ch\modules\trans\reli_notions\activites\activite3\text\WS_FTP.LOG --> www.unifr.ch /elrng_antiquitas/modules/trans/reli_notions/activites/activite3/text WS_FTP.LOG
2003.10.20 15:11 B D:\elearning.unifr.ch\modules\trans\reli_notions\activites\activite3\text\exemple.txt <-- nte /antiquitasweb/proto/flash/religion/3_oedipe/text exemple.txt
2003.10.20 15:11 B D:\elearning.unifr.ch\modules\trans\reli_notions\activites\activite3\text\t1.txt <-- nte /antiquitasweb/proto/flash/religion/3_oedipe/text t1.txt
2003.10.20 15:11 B D:\elearning.unifr.ch\modules\trans\reli_notions\activites\activite3\text\t2.txt <-- nte /antiquitasweb/proto/flash/religion/3_oedipe/text t2.txt
2003.10.20 15:11 B D:\elearning.unifr.ch\modules\trans\reli_notions\activites\activite3\text\t3.txt <-- nte /antiquitasweb/proto/flash/religion/3_oedipe/text t3.txt
2003.10.20 15:11 B D:\elearning.unifr.ch\modules\trans\reli_notions\activites\activite3\text\t4.txt <-- nte /antiquitasweb/proto/flash/religion/3_oedipe/text t4.txt
2003.10.20 15:11 B D:\elearning.unifr.ch\modules\trans\reli_notions\activites\activite3\text\t5.txt <-- nte /antiquitasweb/proto/flash/religion/3_oedipe/text t5.txt
2003.10.20 15:11 B D:\elearning.unifr.ch\modules\trans\reli_notions\activites\activite3\text\t6.txt <-- nte /antiquitasweb/proto/flash/religion/3_oedipe/text t6.txt
2003.10.20 15:15 B D:\elearning.unifr.ch\modules\trans\reli_notions\activites\activite3\text\exemple.txt --> www.unifr.ch /elrng_antiquitas/modules/trans/reli_notions/activites/activite3/text exemple.txt
2003.10.20 15:15 B D:\elearning.unifr.ch\modules\trans\reli_notions\activites\activite3\text\t1.txt --> www.unifr.ch /elrng_antiquitas/modules/trans/reli_notions/activites/activite3/text t1.txt
2003.10.20 15:15 B D:\elearning.unifr.ch\modules\trans\reli_notions\activites\activite3\text\t2.txt --> www.unifr.ch /elrng_antiquitas/modules/trans/reli_notions/activites/activite3/text t2.txt
2003.10.20 15:15 B D:\elearning.unifr.ch\modules\trans\reli_notions\activites\activite3\text\t3.txt --> www.unifr.ch /elrng_antiquitas/modules/trans/reli_notions/activites/activite3/text t3.txt
2003.10.20 15:15 B D:\elearning.unifr.ch\modules\trans\reli_notions\activites\activite3\text\t4.txt --> www.unifr.ch /elrng_antiquitas/modules/trans/reli_notions/activites/activite3/text t4.txt
2003.10.20 15:15 B D:\elearning.unifr.ch\modules\trans\reli_notions\activites\activite3\text\t5.txt --> www.unifr.ch /elrng_antiquitas/modules/trans/reli_notions/activites/activite3/text t5.txt
2003.10.20 15:15 B D:\elearning.unifr.ch\modules\trans\reli_notions\activites\activite3\text\t6.txt --> www.unifr.ch /elrng_antiquitas/modules/trans/reli_notions/activites/activite3/text t6.txt
